#
# A fatal error has been detected by the Java Runtime Environment:
#
#  SIGSEGV (0xb) at pc=0x00007f17cd0696ba, pid=6498, tid=139739980076800
#
# JRE version: Java(TM) SE Runtime Environment (8.0_60-b27) (build 1.8.0_60-b27)
# Java VM: Java HotSpot(TM) 64-Bit Server VM (25.60-b23 mixed mode linux-amd64 compressed oops)
# Problematic frame:
# v  ~BufferBlob::jni_fast_GetLongField
#
# Failed to write core dump. Core dumps have been disabled. To enable core dumping, try "ulimit -c unlimited" before starting Java again
#
# If you would like to submit a bug report, please visit:
#   http://bugreport.java.com/bugreport/crash.jsp
# The crash happened outside the Java Virtual Machine in native code.
# See problematic frame for where to report the bug.
#

---------------  T H R E A D  ---------------

Current thread (0x00007f17dc1c4800):  JavaThread "AWT-XAWT" daemon [_thread_in_native, id=6517, stack(0x00007f17bfcf9000,0x00007f17bfdfa000)]

siginfo: si_signo: 11 (SIGSEGV), si_code: 1 (SEGV_MAPERR), si_addr: 0x0000000000000000

Registers:
RAX=0x00007f17e2744da0, RBX=0x00007f17dc1c49f8, RCX=0x00007f17e31a7340, RDX=0x0000000000000042
RSP=0x00007f17bfdf8638, RBP=0x00007f17bfdf8660, RSI=0x0000000000000000, RDI=0x00007f17dc1c49f8
R8 =0x00007f17c545c250, R9 =0x0000000000000000, R10=0x0000000000000074, R11=0x00007f17cd43b0d8
R12=0x00007f17800c4150, R13=0x0000000000000000, R14=0x00007f17c5bc67e0, R15=0x00007f17dc1c4800
RIP=0x00007f17cd0696ba, EFLAGS=0x0000000000010246, CSGSFS=0x0000000000000033, ERR=0x0000000000000004
  TRAPNO=0x000000000000000e

Top of Stack: (sp=0x00007f17bfdf8638)
0x00007f17bfdf8638:   00007f17c59a4e61 00007f17c80ca1a0
0x00007f17bfdf8648:   00007f17800c4150 00007f17bfdf8710
0x00007f17bfdf8658:   00007f17bfdf86e0 0000000000000000
0x00007f17bfdf8668:   00007f17c54644e0 00007f17c80ca1a0
0x00007f17bfdf8678:   00007f17bfdf86a0 0000000000000000
0x00007f17bfdf8688:   00007f17c545c273 00007f17bfdf8710
0x00007f17bfdf8698:   00007f17c599e09f 00007f17bfdf86f0
0x00007f17bfdf86a8:   00007f17cd43b176 0000000000000000
0x00007f17bfdf86b8:   00007f17cd2c0436 00007f17bfdf8710
0x00007f17bfdf86c8:   00007f17cd160d6c 00000000d74b8cd8
0x00007f17bfdf86d8:   00007f17cd34dd74 00000000d744a670
0x00007f17bfdf86e8:   00000000d7449968 00007f17bfdf8770
0x00007f17bfdf86f8:   00007f17cd007420 00007f17bfdf8770
0x00007f17bfdf8708:   00007f17cd007420 0000000000000000
0x00007f17bfdf8718:   00007f17cd007760 00007f1788000e30
0x00007f17bfdf8728:   00000000d74b8cd8 00007f17bfdf8730
0x00007f17bfdf8738:   00007f17c80aa07c 00007f17bfdf87b8
0x00007f17bfdf8748:   00007f17c80b3278 0000000000000000
0x00007f17bfdf8758:   00007f17c80aa1b8 00007f17bfdf8710
0x00007f17bfdf8768:   00007f17bfdf87b0 00007f17bfdf8800
0x00007f17bfdf8778:   00007f17cd007c4d 0000000000000000
0x00007f17bfdf8788:   00000000d81f7ef8 00000000d81e1b18
0x00007f17bfdf8798:   0000000000000000 0000000000000000
0x00007f17bfdf87a8:   00000000d74b8cd8 0000000000000000
0x00007f17bfdf87b8:   00000000d747cf40 00007f17bfdf87c0
0x00007f17bfdf87c8:   00007f17c80a9ebd 00007f17bfdf8810
0x00007f17bfdf87d8:   00007f17c80b3278 0000000000000000
0x00007f17bfdf87e8:   00007f17c80a9ec8 00007f17bfdf87b0
0x00007f17bfdf87f8:   00007f17bfdf8810 00007f17bfdf8858
0x00007f17bfdf8808:   00007f17cd007c92 00000000d747cf40
0x00007f17bfdf8818:   00007f17bfdf8818 00007f17c7c7a9cb
0x00007f17bfdf8828:   00007f17bfdf8868 00007f17c7d01480 

Instructions: (pc=0x00007f17cd0696ba)
0x00007f17cd06969a:   00 00 00 00 00 00 44 8b 15 81 5c 71 15 4c 8b ce
0x00007f17cd0696aa:   41 f6 c2 01 0f 85 2e 00 00 00 4d 33 ca 4d 33 ca
0x00007f17cd0696ba:   4d 8b 09 4c 8b da 49 c1 eb 02 4b 8b 04 19 49 bb
0x00007f17cd0696ca:   28 f3 77 e2 17 7f 00 00 4c 33 d8 4c 33 d8 45 3b 

Register to memory mapping:

RAX=0x00007f17e2744da0: <offset 0xf74da0> in /usr/lib/jvm/java-8-oracle/jre/lib/amd64/server/libjvm.so at 0x00007f17e17d0000
RBX=0x00007f17dc1c49f8 is an unknown value
RCX=0x00007f17e31a7340: <offset 0x219340> in /lib/x86_64-linux-gnu/libpthread.so.0 at 0x00007f17e2f8e000
RDX=0x0000000000000042 is an unknown value
RSP=0x00007f17bfdf8638 is pointing into the stack for thread: 0x00007f17dc1c4800
RBP=0x00007f17bfdf8660 is pointing into the stack for thread: 0x00007f17dc1c4800
RSI=0x0000000000000000 is an unknown value
RDI=0x00007f17dc1c49f8 is an unknown value
R8 =0x00007f17c545c250: <offset 0x5a250> in /usr/lib/x86_64-linux-gnu/libX11.so.6 at 0x00007f17c5402000
R9 =0x0000000000000000 is an unknown value
R10=0x0000000000000074 is an unknown value
R11=0x00007f17cd43b0d8 is at entry_point+24 in (nmethod*)0x00007f17cd43af50
R12=0x00007f17800c4150 is an unknown value
R13=0x0000000000000000 is an unknown value
R14=0x00007f17c5bc67e0: <offset 0x2587e0> in /usr/lib/jvm/java-8-oracle/jre/lib/amd64/libawt_xawt.so at 0x00007f17c596e000
R15=0x00007f17dc1c4800 is a thread


Stack: [0x00007f17bfcf9000,0x00007f17bfdfa000],  sp=0x00007f17bfdf8638,  free space=1021k
Native frames: (J=compiled Java code, j=interpreted, Vv=VM code, C=native code)
v  ~BufferBlob::jni_fast_GetLongField
C  [libX11.so.6+0x624e0]  _XimServerDestroy+0x70

Java frames: (J=compiled Java code, j=interpreted, Vv=VM code)
J 1278  sun.awt.X11.XlibWrapper.XFilterEvent(JJ)Z (0 bytes) @ 0x00007f17cd43b104 [0x00007f17cd43b0c0+0x44]
j  sun.awt.X11.XToolkit.run(Z)V+300
j  sun.awt.X11.XToolkit.run()V+5
j  java.lang.Thread.run()V+11
v  ~StubRoutines::call_stub

---------------  P R O C E S S  ---------------

Java Threads: ( => current thread )
  0x00007f1774012800 JavaThread "XToolkt-Shutdown-Thread" [_thread_blocked, id=18503, stack(0x00007f17bdda0000,0x00007f17bdea1000)]
  0x00007f179c002000 JavaThread "SIGTERM handler" daemon [_thread_blocked, id=18502, stack(0x00007f17bdea1000,0x00007f17bdfa2000)]
  0x00007f179c001000 JavaThread "SIGHUP handler" daemon [_thread_blocked, id=18501, stack(0x00007f17bf0cd000,0x00007f17bf1ce000)]
  0x00007f1780012000 JavaThread "TimerQueue" daemon [_thread_blocked, id=6536, stack(0x00007f17be1a2000,0x00007f17be2a3000)]
  0x00007f17dc009800 JavaThread "DestroyJavaVM" [_thread_blocked, id=6499, stack(0x00007f17e32a7000,0x00007f17e33a8000)]
  0x00007f17dc268800 JavaThread "AWT-EventQueue-0" [_thread_blocked, id=6522, stack(0x00007f17bf3ce000,0x00007f17bf4cf000)]
  0x00007f17dc206000 JavaThread "AWT-Shutdown" [_thread_blocked, id=6521, stack(0x00007f17bf4cf000,0x00007f17bf5d0000)]
=>0x00007f17dc1c4800 JavaThread "AWT-XAWT" daemon [_thread_in_native, id=6517, stack(0x00007f17bfcf9000,0x00007f17bfdfa000)]
  0x00007f17dc1a3800 JavaThread "Java2D Disposer" daemon [_thread_blocked, id=6516, stack(0x00007f17c4228000,0x00007f17c4329000)]
  0x00007f17dc0c2800 JavaThread "Service Thread" daemon [_thread_blocked, id=6514, stack(0x00007f17c5f9a000,0x00007f17c609b000)]
  0x00007f17dc0bd800 JavaThread "C1 CompilerThread2" daemon [_thread_blocked, id=6513, stack(0x00007f17c609b000,0x00007f17c619c000)]
  0x00007f17dc0bc000 JavaThread "C2 CompilerThread1" daemon [_thread_blocked, id=6512, stack(0x00007f17c619c000,0x00007f17c629d000)]
  0x00007f17dc0b9000 JavaThread "C2 CompilerThread0" daemon [_thread_blocked, id=6511, stack(0x00007f17c629d000,0x00007f17c639e000)]
  0x00007f17dc0b7800 JavaThread "Signal Dispatcher" daemon [_thread_blocked, id=6510, stack(0x00007f17c639e000,0x00007f17c649f000)]
  0x00007f17dc07f000 JavaThread "Finalizer" daemon [_thread_blocked, id=6509, stack(0x00007f17c6769000,0x00007f17c686a000)]
  0x00007f17dc07d000 JavaThread "Reference Handler" daemon [_thread_blocked, id=6508, stack(0x00007f17c686a000,0x00007f17c696b000)]

Other Threads:
  0x00007f17dc077800 VMThread [stack: 0x00007f17c696b000,0x00007f17c6a6c000] [id=6507]
  0x00007f17dc0c5800 WatcherThread [stack: 0x00007f17c5e99000,0x00007f17c5f9a000] [id=6515]

VM state:not at safepoint (normal execution)

VM Mutex/Monitor currently owned by a thread: None

Heap:
 PSYoungGen      total 36864K, used 21591K [0x00000000d7100000, 0x00000000d9a00000, 0x0000000100000000)
  eden space 31744K, 68% used [0x00000000d7100000,0x00000000d8615d70,0x00000000d9000000)
  from space 5120K, 0% used [0x00000000d9500000,0x00000000d9500000,0x00000000d9a00000)
  to   space 5120K, 0% used [0x00000000d9000000,0x00000000d9000000,0x00000000d9500000)
 ParOldGen       total 84992K, used 0K [0x0000000085200000, 0x000000008a500000, 0x00000000d7100000)
  object space 84992K, 0% used [0x0000000085200000,0x0000000085200000,0x000000008a500000)
 Metaspace       used 16130K, capacity 16310K, committed 16640K, reserved 1064960K
  class space    used 1960K, capacity 2023K, committed 2048K, reserved 1048576K

Card table byte_map: [0x00007f17ccc28000,0x00007f17cd000000] byte_map_base: 0x00007f17cc7ff000

Marking Bits: (ParMarkBitMap*) 0x00007f17e277ede0
 Begin Bits: [0x00007f17c8824000, 0x00007f17ca6dc000)
 End Bits:   [0x00007f17ca6dc000, 0x00007f17cc594000)

Polling page: 0x00007f17e33cc000

CodeCache: size=245760Kb used=6386Kb max_used=6386Kb free=239373Kb
 bounds [0x00007f17cd000000, 0x00007f17cd650000, 0x00007f17dc000000]
 total_blobs=2555 nmethods=1964 adapters=503
 compilation: enabled

Compilation events (10 events):
Event: 1586,600 Thread 0x00007f17dc0bc000 1960       4       sun.awt.X11.Native::getLong (25 bytes)
Event: 1586,602 Thread 0x00007f17dc0bc000 nmethod 1960 0x00007f17cd638d50 code [0x00007f17cd638ea0, 0x00007f17cd638f38]
Event: 1596,458 Thread 0x00007f17dc0bd800 1961   !   3       sun.awt.X11.XToolkit$1::dispatchEvent (34 bytes)
Event: 1596,460 Thread 0x00007f17dc0bd800 nmethod 1961 0x00007f17cd640dd0 code [0x00007f17cd641020, 0x00007f17cd641e38]
Event: 1596,460 Thread 0x00007f17dc0bd800 1962       3       sun.awt.X11.XMSelection$1::dispatchEvent (10 bytes)
Event: 1596,461 Thread 0x00007f17dc0bd800 nmethod 1962 0x00007f17cd63e050 code [0x00007f17cd63e200, 0x00007f17cd63e658]
Event: 1596,461 Thread 0x00007f17dc0bd800 1963       3       sun.awt.X11.XMSelection::processRootEvent (32 bytes)
Event: 1596,461 Thread 0x00007f17dc0bd800 nmethod 1963 0x00007f17cd6405d0 code [0x00007f17cd640780, 0x00007f17cd640b58]
Event: 2404,592 Thread 0x00007f17dc0bd800 1964       3       sun.awt.X11.XClientMessageEvent::get_message_type (20 bytes)
Event: 2404,592 Thread 0x00007f17dc0bd800 nmethod 1964 0x00007f17cd63fe90 code [0x00007f17cd640020, 0x00007f17cd6403e8]

GC Heap History (0 events):
No events

Deoptimization events (10 events):
Event: 0,508 Thread 0x00007f17dc268800 Uncommon trap: reason=unstable_if action=reinterpret pc=0x00007f17cd1afad4 method=java.lang.String.<init>([CII)V @ 18
Event: 0,520 Thread 0x00007f17dc268800 Uncommon trap: reason=class_check action=maybe_recompile pc=0x00007f17cd1e79d4 method=java.util.HashMap.putVal(ILjava/lang/Object;Ljava/lang/Object;ZZ)Ljava/lang/Object; @ 253
Event: 4,236 Thread 0x00007f17dc268800 Uncommon trap: reason=unstable_if action=reinterpret pc=0x00007f17cd2e616c method=javax.swing.plaf.nimbus.DerivedColor.equals(Ljava/lang/Object;)Z @ 77
Event: 4,236 Thread 0x00007f17dc268800 Uncommon trap: reason=unstable_if action=reinterpret pc=0x00007f17cd2e5a20 method=javax.swing.plaf.nimbus.DerivedColor.equals(Ljava/lang/Object;)Z @ 77
Event: 6,007 Thread 0x00007f17dc268800 Uncommon trap: reason=class_check action=maybe_recompile pc=0x00007f17cd1782f0 method=java.lang.String.equals(Ljava/lang/Object;)Z @ 8
Event: 6,007 Thread 0x00007f17dc268800 Uncommon trap: reason=class_check action=maybe_recompile pc=0x00007f17cd1782f0 method=java.lang.String.equals(Ljava/lang/Object;)Z @ 8
Event: 6,259 Thread 0x00007f17dc268800 Uncommon trap: reason=class_check action=maybe_recompile pc=0x00007f17cd1782f0 method=java.lang.String.equals(Ljava/lang/Object;)Z @ 8
Event: 6,259 Thread 0x00007f17dc268800 Uncommon trap: reason=class_check action=maybe_recompile pc=0x00007f17cd1782f0 method=java.lang.String.equals(Ljava/lang/Object;)Z @ 8
Event: 11,339 Thread 0x00007f17dc268800 Uncommon trap: reason=unstable_if action=reinterpret pc=0x00007f17cd269264 method=sun.nio.cs.UTF_8$Encoder.encode([CII[B)I @ 33
Event: 18,797 Thread 0x00007f17dc268800 Uncommon trap: reason=unstable_if action=reinterpret pc=0x00007f17cd607b58 method=java.awt.Container.getMouseEventTargetImpl(IIZLjava/awt/Container$EventTargetFilter;ZZ)Ljava/awt/Component; @ 218

Internal exceptions (10 events):
Event: 0,458 Thread 0x00007f17dc009800 Exception <a 'java/lang/ClassNotFoundException': TreeCell> (0x00000000d76ef698) thrown at [/HUDSON/workspace/8-2-build-linux-amd64/jdk8u60/4407/hotspot/src/share/vm/classfile/systemDictionary.cpp, line 210]
Event: 0,459 Thread 0x00007f17dc009800 Exception <a 'java/lang/ClassNotFoundException': RootPane> (0x00000000d76f00f8) thrown at [/HUDSON/workspace/8-2-build-linux-amd64/jdk8u60/4407/hotspot/src/share/vm/classfile/systemDictionary.cpp, line 210]
Event: 0,497 Thread 0x00007f17dc268800 Implicit null exception at 0x00007f17cd1c6f35 to 0x00007f17cd1c7299
Event: 0,497 Thread 0x00007f17dc268800 Implicit null exception at 0x00007f17cd1c7875 to 0x00007f17cd1c7bcd
Event: 0,745 Thread 0x00007f17dc268800 Exception <a 'java/lang/UnsupportedOperationException': > (0x00000000d7d792d0) thrown at [/HUDSON/workspace/8-2-build-linux-amd64/jdk8u60/4407/hotspot/src/share/vm/prims/jni.cpp, line 735]
Event: 7,590 Thread 0x00007f17dc268800 Exception <a 'java/lang/UnsupportedOperationException': > (0x00000000d7fac3e0) thrown at [/HUDSON/workspace/8-2-build-linux-amd64/jdk8u60/4407/hotspot/src/share/vm/prims/jni.cpp, line 735]
Event: 11,430 Thread 0x00007f17dc268800 Exception <a 'java/lang/UnsupportedOperationException': > (0x00000000d8139880) thrown at [/HUDSON/workspace/8-2-build-linux-amd64/jdk8u60/4407/hotspot/src/share/vm/prims/jni.cpp, line 735]
Event: 14,675 Thread 0x00007f17dc268800 Exception <a 'java/lang/UnsupportedOperationException': > (0x00000000d8225e98) thrown at [/HUDSON/workspace/8-2-build-linux-amd64/jdk8u60/4407/hotspot/src/share/vm/prims/jni.cpp, line 735]
Event: 16,178 Thread 0x00007f17dc268800 Exception <a 'java/lang/UnsupportedOperationException': > (0x00000000d8357318) thrown at [/HUDSON/workspace/8-2-build-linux-amd64/jdk8u60/4407/hotspot/src/share/vm/prims/jni.cpp, line 735]
Event: 29,540 Thread 0x00007f17dc268800 Exception <a 'java/lang/UnsupportedOperationException': > (0x00000000d8431698) thrown at [/HUDSON/workspace/8-2-build-linux-amd64/jdk8u60/4407/hotspot/src/share/vm/prims/jni.cpp, line 735]

Events (10 events):
Event: 16,125 Executing VM operation: BulkRevokeBias done
Event: 18,797 Thread 0x00007f17dc268800 Uncommon trap: trap_request=0xffffff65 fr.pc=0x00007f17cd607b58
Event: 18,797 Thread 0x00007f17dc268800 DEOPT PACKING pc=0x00007f17cd607b58 sp=0x00007f17bf4cbaa0
Event: 18,797 Thread 0x00007f17dc268800 DEOPT UNPACKING pc=0x00007f17cd005229 sp=0x00007f17bf4cb9c8 mode 2
Event: 29,433 Executing VM operation: RevokeBias
Event: 29,433 Executing VM operation: RevokeBias done
Event: 29,475 Executing VM operation: BulkRevokeBias
Event: 29,475 Executing VM operation: BulkRevokeBias done
Event: 32,818 Executing VM operation: BulkRevokeBias
Event: 32,818 Executing VM operation: BulkRevokeBias done


Dynamic libraries:
00400000-00401000 r-xp 00000000 08:05 4070391                            /usr/lib/jvm/java-8-oracle/bin/java
00600000-00601000 rw-p 00000000 08:05 4070391                            /usr/lib/jvm/java-8-oracle/bin/java
0189c000-018bd000 rw-p 00000000 00:00 0                                  [heap]
85200000-8a500000 rw-p 00000000 00:00 0 
8a500000-d7100000 ---p 00000000 00:00 0 
d7100000-d9a00000 rw-p 00000000 00:00 0 
d9a00000-100000000 ---p 00000000 00:00 0 
100000000-100200000 rw-p 00000000 00:00 0 
100200000-140000000 ---p 00000000 00:00 0 
7f176c000000-7f176c021000 rw-p 00000000 00:00 0 
7f176c021000-7f1770000000 ---p 00000000 00:00 0 
7f1770000000-7f1770021000 rw-p 00000000 00:00 0 
7f1770021000-7f1774000000 ---p 00000000 00:00 0 
7f1774000000-7f1774033000 rw-p 00000000 00:00 0 
7f1774033000-7f1778000000 ---p 00000000 00:00 0 
7f1778000000-7f1778021000 rw-p 00000000 00:00 0 
7f1778021000-7f177c000000 ---p 00000000 00:00 0 
7f177c000000-7f177c021000 rw-p 00000000 00:00 0 
7f177c021000-7f1780000000 ---p 00000000 00:00 0 
7f1780000000-7f178031b000 rw-p 00000000 00:00 0 
7f178031b000-7f1784000000 ---p 00000000 00:00 0 
7f1784000000-7f1784021000 rw-p 00000000 00:00 0 
7f1784021000-7f1788000000 ---p 00000000 00:00 0 
7f1788000000-7f1788028000 rw-p 00000000 00:00 0 
7f1788028000-7f178c000000 ---p 00000000 00:00 0 
7f178c000000-7f178c021000 rw-p 00000000 00:00 0 
7f178c021000-7f1790000000 ---p 00000000 00:00 0 
7f1790000000-7f1790021000 rw-p 00000000 00:00 0 
7f1790021000-7f1794000000 ---p 00000000 00:00 0 
7f1794000000-7f17942db000 rw-p 00000000 00:00 0 
7f17942db000-7f1798000000 ---p 00000000 00:00 0 
7f1798000000-7f1798825000 rw-p 00000000 00:00 0 
7f1798825000-7f179c000000 ---p 00000000 00:00 0 
7f179c000000-7f179c021000 rw-p 00000000 00:00 0 
7f179c021000-7f17a0000000 ---p 00000000 00:00 0 
7f17a0000000-7f17a01dd000 rw-p 00000000 00:00 0 
7f17a01dd000-7f17a4000000 ---p 00000000 00:00 0 
7f17a4000000-7f17a4021000 rw-p 00000000 00:00 0 
7f17a4021000-7f17a8000000 ---p 00000000 00:00 0 
7f17a8000000-7f17a8021000 rw-p 00000000 00:00 0 
7f17a8021000-7f17ac000000 ---p 00000000 00:00 0 
7f17ac000000-7f17ac021000 rw-p 00000000 00:00 0 
7f17ac021000-7f17b0000000 ---p 00000000 00:00 0 
7f17b0000000-7f17b0021000 rw-p 00000000 00:00 0 
7f17b0021000-7f17b4000000 ---p 00000000 00:00 0 
7f17b4000000-7f17b4021000 rw-p 00000000 00:00 0 
7f17b4021000-7f17b8000000 ---p 00000000 00:00 0 
7f17b8000000-7f17b8021000 rw-p 00000000 00:00 0 
7f17b8021000-7f17bc000000 ---p 00000000 00:00 0 
7f17bdda0000-7f17bdda3000 ---p 00000000 00:00 0 
7f17bdda3000-7f17bdea1000 rw-p 00000000 00:00 0                          [stack:18503]
7f17bdea1000-7f17bdea4000 ---p 00000000 00:00 0 
7f17bdea4000-7f17bdfe2000 rw-p 00000000 00:00 0                          [stack:18502]
7f17bdfe2000-7f17be1a2000 ---p 00000000 00:00 0 
7f17be1a2000-7f17be1a5000 ---p 00000000 00:00 0 
7f17be1a5000-7f17be4a3000 rw-p 00000000 00:00 0                          [stack:6536]
7f17be4a3000-7f17be4cd000 r-xp 00000000 08:05 4070270                    /usr/lib/jvm/java-8-oracle/jre/lib/amd64/libdcpr.so
7f17be4cd000-7f17be6cd000 ---p 0002a000 08:05 4070270                    /usr/lib/jvm/java-8-oracle/jre/lib/amd64/libdcpr.so
7f17be6cd000-7f17be6d0000 rw-p 0002a000 08:05 4070270                    /usr/lib/jvm/java-8-oracle/jre/lib/amd64/libdcpr.so
7f17be6d0000-7f17be739000 r-xp 00000000 08:05 4070277                    /usr/lib/jvm/java-8-oracle/jre/lib/amd64/libt2k.so
7f17be739000-7f17be939000 ---p 00069000 08:05 4070277                    /usr/lib/jvm/java-8-oracle/jre/lib/amd64/libt2k.so
7f17be939000-7f17be940000 rw-p 00069000 08:05 4070277                    /usr/lib/jvm/java-8-oracle/jre/lib/amd64/libt2k.so
7f17be940000-7f17beb50000 rw-p 00000000 00:00 0 
7f17beb50000-7f17beb68000 r--s 00000000 08:05 1313416                    /usr/share/fonts/type1/gsfonts/c059033l.pfb
7f17beb68000-7f17beb80000 r--s 00000000 08:05 1313461                    /usr/share/fonts/type1/gsfonts/n022003l.pfb
7f17beb80000-7f17beb91000 r--s 00000000 08:05 1313443                    /usr/share/fonts/type1/gsfonts/n019063l.pfb
7f17beb91000-7f17beba7000 r--s 00000000 08:05 1313467                    /usr/share/fonts/type1/gsfonts/n022023l.pfb
7f17beba7000-7f17bebc0000 r--s 00000000 08:05 1313452                    /usr/share/fonts/type1/gsfonts/n021004l.pfb
7f17bebc0000-7f17bebd7000 r--s 00000000 08:05 1313488                    /usr/share/fonts/type1/gsfonts/z003034l.pfb
7f17bebd7000-7f17bebf2000 r--s 00000000 08:05 1313413                    /usr/share/fonts/type1/gsfonts/c059016l.pfb
7f17bebf2000-7f17bec0b000 r--s 00000000 08:05 1313464                    /usr/share/fonts/type1/gsfonts/n022004l.pfb
7f17bec0b000-7f17bec21000 r--s 00000000 08:05 1313458                    /usr/share/fonts/type1/gsfonts/n021024l.pfb
7f17bec21000-7f17bec2a000 r--s 00000000 08:05 1312690                    /usr/share/fonts/X11/Type1/c0632bt_.pfb
7f17bec2a000-7f17bec34000 r--s 00000000 08:05 1312688                    /usr/share/fonts/X11/Type1/c0611bt_.pfb
7f17bec34000-7f17bec35000 r--s 00000000 08:05 6292885                    /var/cache/fontconfig/c05880de57d1f5e948fdfacc138775d9-le64.cache-4
7f17bec35000-7f17bec40000 r--s 00000000 08:05 6292870                    /var/cache/fontconfig/945677eb7aeaf62f1d50efc3fb3ec7d8-le64.cache-4
7f17bec40000-7f17bec49000 r--s 00000000 08:05 6294177                    /var/cache/fontconfig/a6d8cf8e4ec09cdbc8633c31745a07dd-le64.cache-4
7f17bec49000-7f17bec4f000 r--s 00000000 08:05 6292838                    /var/cache/fontconfig/2cd17615ca594fa2959ae173292e504c-le64.cache-4
7f17bec4f000-7f17bec56000 r--s 00000000 08:05 6292835                    /var/cache/fontconfig/a755afe4a08bf5b97852ceb7400b47bc-le64.cache-4
7f17bec56000-7f17bec91000 r--s 00000000 08:05 6291723                    /var/cache/fontconfig/365b55f210c0a22e9a19e35191240f32-le64.cache-4
7f17bec91000-7f17beca3000 r--s 00000000 08:05 1313407                    /usr/share/fonts/type1/gsfonts/b018035l.pfb
7f17beca3000-7f17beca4000 r--s 00000000 08:05 6292885                    /var/cache/fontconfig/c05880de57d1f5e948fdfacc138775d9-le64.cache-4
7f17beca4000-7f17becaf000 r--s 00000000 08:05 6292870                    /var/cache/fontconfig/945677eb7aeaf62f1d50efc3fb3ec7d8-le64.cache-4
7f17becaf000-7f17becb1000 r--s 00000000 08:05 6294185                    /var/cache/fontconfig/99e8ed0e538f840c565b6ed5dad60d56-le64.cache-4
7f17becb1000-7f17becba000 r--s 00000000 08:05 6294177                    /var/cache/fontconfig/a6d8cf8e4ec09cdbc8633c31745a07dd-le64.cache-4
7f17becba000-7f17becc0000 r--s 00000000 08:05 6292838                    /var/cache/fontconfig/2cd17615ca594fa2959ae173292e504c-le64.cache-4
7f17becc0000-7f17becc1000 r--s 00000000 08:05 6292836                    /var/cache/fontconfig/0d8c3b2ac0904cb8a57a757ad11a4a08-le64.cache-4
7f17becc1000-7f17becc8000 r--s 00000000 08:05 6292835                    /var/cache/fontconfig/a755afe4a08bf5b97852ceb7400b47bc-le64.cache-4
7f17becc8000-7f17becc9000 r--s 00000000 08:05 6292832                    /var/cache/fontconfig/a6354e3ac43af67bd8d7b8e43c34e49f-le64.cache-4
7f17becc9000-7f17becdf000 r--s 00000000 08:05 6292831                    /var/cache/fontconfig/04aabc0a78ac019cf9454389977116d2-le64.cache-4
7f17becdf000-7f17bece0000 r--s 00000000 08:05 6292822                    /var/cache/fontconfig/1ac9eb803944fde146138c791f5cc56a-le64.cache-4
7f17bece0000-7f17bece4000 r--s 00000000 08:05 6292820                    /var/cache/fontconfig/385c0604a188198f04d133e54aba7fe7-le64.cache-4
7f17bece4000-7f17bece5000 r--s 00000000 08:05 6292816                    /var/cache/fontconfig/dc05db6664285cc2f12bf69c139ae4c3-le64.cache-4
7f17bece5000-7f17bece7000 r--s 00000000 08:05 6292811                    /var/cache/fontconfig/767a8244fc0220cfb567a839d0392e0b-le64.cache-4
7f17bece7000-7f17bece8000 r--s 00000000 08:05 6292810                    /var/cache/fontconfig/4794a0821666d79190d59a36cb4f44b5-le64.cache-4
7f17bece8000-7f17beced000 r--s 00000000 08:05 6292809                    /var/cache/fontconfig/8801497958630a81b71ace7c5f9b32a8-le64.cache-4
7f17beced000-7f17bed28000 r--s 00000000 08:05 6291723                    /var/cache/fontconfig/365b55f210c0a22e9a19e35191240f32-le64.cache-4
7f17bed28000-7f17bed2c000 r--s 00000000 08:05 6297328                    /var/cache/fontconfig/c57959a16110560c8d0fcea73374aeeb-le64.cache-4
7f17bed2c000-7f17bed2d000 r--s 00000000 08:05 6292799                    /var/cache/fontconfig/bab58bb527bb656aaa9f116d68a48d89-le64.cache-4
7f17bed2d000-7f17bed34000 r--s 00000000 08:05 6292795                    /var/cache/fontconfig/3047814df9a2f067bd2d96a2b9c36e5a-le64.cache-4
7f17bed34000-7f17bed3a000 r--s 00000000 08:05 6292731                    /var/cache/fontconfig/b47c4e1ecd0709278f4910c18777a504-le64.cache-4
7f17bed3a000-7f17bed43000 r--s 00000000 08:05 6294175                    /var/cache/fontconfig/52f7bdb7ce746bfd7eaa1985bd9cfa93-le64.cache-4
7f17bed43000-7f17bed56000 r--s 00000000 08:05 6292726                    /var/cache/fontconfig/d52a8644073d54c13679302ca1180695-le64.cache-4
7f17bed56000-7f17bed60000 r--s 00000000 08:05 6292701                    /var/cache/fontconfig/3f7329c5293ffd510edef78f73874cfd-le64.cache-4
7f17bed60000-7f17bed70000 r--s 00000000 08:05 1313392                    /usr/share/fonts/type1/gsfonts/a010033l.pfb
7f17bed70000-7f17bed79000 r--s 00000000 08:05 1312692                    /usr/share/fonts/X11/Type1/c0633bt_.pfb
7f17bed79000-7f17bed8a000 r--s 00000000 08:05 1313434                    /usr/share/fonts/type1/gsfonts/n019024l.pfb
7f17bed8a000-7f17bed9a000 r--s 00000000 08:05 1313386                    /usr/share/fonts/type1/gsfonts/a010013l.pfb
7f17bed9a000-7f17bedae000 r--s 00000000 08:05 1313425                    /usr/share/fonts/type1/gsfonts/n019003l.pfb
7f17bedae000-7f17bedc7000 r--s 00000000 08:05 1313449                    /usr/share/fonts/type1/gsfonts/n021003l.pfb
7f17bedc7000-7f17bedda000 r--s 00000000 08:05 1313446                    /usr/share/fonts/type1/gsfonts/n019064l.pfb
7f17bedda000-7f17bedf6000 r--s 00000000 08:05 1313482                    /usr/share/fonts/type1/gsfonts/p052024l.pfb
7f17bedf6000-7f17bee0c000 r--s 00000000 08:05 1313470                    /usr/share/fonts/type1/gsfonts/n022024l.pfb
7f17bee0c000-7f17bee16000 r--s 00000000 08:05 1312684                    /usr/share/fonts/X11/Type1/c0582bt_.pfb
7f17bee16000-7f17bee28000 r--s 00000000 08:05 1313440                    /usr/share/fonts/type1/gsfonts/n019044l.pfb
7f17bee28000-7f17bee31000 r--s 00000000 08:05 1312694                    /usr/share/fonts/X11/Type1/c0648bt_.pfb
7f17bee31000-7f17bee44000 r--s 00000000 08:05 1313401                    /usr/share/fonts/type1/gsfonts/b018015l.pfb
7f17bee44000-7f17bee5e000 r--s 00000000 08:05 1313410                    /usr/share/fonts/type1/gsfonts/c059013l.pfb
7f17bee5e000-7f17bee79000 r--s 00000000 08:05 1313473                    /usr/share/fonts/type1/gsfonts/p052003l.pfb
7f17bee79000-7f17bee91000 r--s 00000000 08:05 1313419                    /usr/share/fonts/type1/gsfonts/c059036l.pfb
7f17bee91000-7f17bee9b000 r--s 00000000 08:05 1312682                    /usr/share/fonts/X11/Type1/c0419bt_.pfb
7f17bee9b000-7f17beeac000 r--s 00000000 08:05 1313431                    /usr/share/fonts/type1/gsfonts/n019023l.pfb
7f17beeac000-7f17beec1000 r--s 00000000 08:05 1313404                    /usr/share/fonts/type1/gsfonts/b018032l.pfb
7f17beec1000-7f17beeca000 r--s 00000000 08:05 1312696                    /usr/share/fonts/X11/Type1/c0649bt_.pfb
7f17beeca000-7f17beeda000 r--s 00000000 08:05 1313389                    /usr/share/fonts/type1/gsfonts/a010015l.pfb
7f17beeda000-7f17beeeb000 r--s 00000000 08:05 1313395                    /usr/share/fonts/type1/gsfonts/a010035l.pfb
7f17beeeb000-7f17bef06000 r--s 00000000 08:05 1313479                    /usr/share/fonts/type1/gsfonts/p052023l.pfb
7f17bef06000-7f17bef10000 r--s 00000000 08:05 1313491                    /usr/share/fonts/type1/mathml/Symbol.pfb
7f17bef10000-7f17bef27000 r--s 00000000 08:05 1313455                    /usr/share/fonts/type1/gsfonts/n021023l.pfb
7f17bef27000-7f17bef40000 r--s 00000000 08:05 1313398                    /usr/share/fonts/type1/gsfonts/b018012l.pfb
7f17bef40000-7f17bef4c000 r--s 00000000 08:05 1313422                    /usr/share/fonts/type1/gsfonts/d050000l.pfb
7f17bef4c000-7f17bef5e000 r--s 00000000 08:05 1313428                    /usr/share/fonts/type1/gsfonts/n019004l.pfb
7f17bef5e000-7f17bef79000 r--s 00000000 08:05 1313476                    /usr/share/fonts/type1/gsfonts/p052004l.pfb
7f17bef79000-7f17bef8b000 r--s 00000000 08:05 1313437                    /usr/share/fonts/type1/gsfonts/n019043l.pfb
7f17bef8b000-7f17bef95000 r--s 00000000 08:05 1312686                    /usr/share/fonts/X11/Type1/c0583bt_.pfb
7f17bef95000-7f17bef9e000 r--s 00000000 08:05 1313485                    /usr/share/fonts/type1/gsfonts/s050000l.pfb
7f17bef9e000-7f17bef9f000 r--s 00000000 08:05 6292792                    /var/cache/fontconfig/56cf4f4769d0f4abc89a4895d7bd3ae1-le64.cache-4
7f17bef9f000-7f17befa0000 r--s 00000000 08:05 6292786                    /var/cache/fontconfig/b9d506c9ac06c20b433354fa67a72993-le64.cache-4
7f17befa0000-7f17befa1000 r--s 00000000 08:05 6292716                    /var/cache/fontconfig/551ecf3b0e8b0bca0f25c0944f561853-le64.cache-4
7f17befa1000-7f17befac000 r--s 00000000 08:05 6305628                    /var/cache/fontconfig/d589a48862398ed80a3d6066f4f56f4c-le64.cache-4
7f17befac000-7f17befad000 r--s 00000000 08:05 6292692                    /var/cache/fontconfig/0c9eb80ebd1c36541ebe2852d3bb0c49-le64.cache-4
7f17befad000-7f17befae000 r--s 00000000 08:05 6291764                    /var/cache/fontconfig/62f91419b9ebdb6975e7e41ab6412357-le64.cache-4
7f17befae000-7f17befbb000 r--s 00000000 08:05 6292561                    /var/cache/fontconfig/e13b20fdb08344e0e664864cc2ede53d-le64.cache-4
7f17befbb000-7f17befbf000 r--s 00000000 08:05 6294169                    /var/cache/fontconfig/7ef2298fde41cc6eeb7af42e48b7d293-le64.cache-4
7f17befbf000-7f17befd5000 r--s 00000000 08:05 1313467                    /usr/share/fonts/type1/gsfonts/n022023l.pfb
7f17befd5000-7f17befee000 r--s 00000000 08:05 1313452                    /usr/share/fonts/type1/gsfonts/n021004l.pfb
7f17befee000-7f17bf002000 r--s 00000000 08:05 1313425                    /usr/share/fonts/type1/gsfonts/n019003l.pfb
7f17bf002000-7f17bf01b000 r--s 00000000 08:05 1313449                    /usr/share/fonts/type1/gsfonts/n021003l.pfb
7f17bf01b000-7f17bf02c000 r--s 00000000 08:05 1313431                    /usr/share/fonts/type1/gsfonts/n019023l.pfb
7f17bf02c000-7f17bf03e000 r--s 00000000 08:05 1313428                    /usr/share/fonts/type1/gsfonts/n019004l.pfb
7f17bf03e000-7f17bf054000 r--s 00000000 08:05 1313470                    /usr/share/fonts/type1/gsfonts/n022024l.pfb
7f17bf054000-7f17bf05e000 r--s 00000000 08:05 1313491                    /usr/share/fonts/type1/mathml/Symbol.pfb
7f17bf05e000-7f17bf076000 r--s 00000000 08:05 1313461                    /usr/share/fonts/type1/gsfonts/n022003l.pfb
7f17bf076000-7f17bf08c000 r--s 00000000 08:05 1313458                    /usr/share/fonts/type1/gsfonts/n021024l.pfb
7f17bf08c000-7f17bf0a3000 r--s 00000000 08:05 1313455                    /usr/share/fonts/type1/gsfonts/n021023l.pfb
7f17bf0a3000-7f17bf0b4000 r--s 00000000 08:05 1313434                    /usr/share/fonts/type1/gsfonts/n019024l.pfb
7f17bf0b4000-7f17bf0cd000 r--s 00000000 08:05 1313464                    /usr/share/fonts/type1/gsfonts/n022004l.pfb
7f17bf0cd000-7f17bf0d0000 ---p 00000000 00:00 0 
7f17bf0d0000-7f17bf3ce000 rw-p 00000000 00:00 0                          [stack:18501]
7f17bf3ce000-7f17bf3d1000 ---p 00000000 00:00 0 
7f17bf3d1000-7f17bf4cf000 rw-p 00000000 00:00 0                          [stack:6522]
7f17bf4cf000-7f17bf4d2000 ---p 00000000 00:00 0 
7f17bf4d2000-7f17bf5d0000 rw-p 00000000 00:00 0                          [stack:6521]
7f17bf5d0000-7f17bf5e1000 r-xp 00000000 08:05 4070301                    /usr/lib/jvm/java-8-oracle/jre/lib/amd64/libnio.so
7f17bf5e1000-7f17bf7e0000 ---p 00011000 08:05 4070301                    /usr/lib/jvm/java-8-oracle/jre/lib/amd64/libnio.so
7f17bf7e0000-7f17bf7e1000 rw-p 00010000 08:05 4070301                    /usr/lib/jvm/java-8-oracle/jre/lib/amd64/libnio.so
7f17bf7e1000-7f17bfae2000 rw-p 00000000 00:00 0 
7f17bfae2000-7f17bfaf8000 r-xp 00000000 08:05 4070274                    /usr/lib/jvm/java-8-oracle/jre/lib/amd64/libnet.so
7f17bfaf8000-7f17bfcf8000 ---p 00016000 08:05 4070274                    /usr/lib/jvm/java-8-oracle/jre/lib/amd64/libnet.so
7f17bfcf8000-7f17bfcf9000 rw-p 00016000 08:05 4070274                    /usr/lib/jvm/java-8-oracle/jre/lib/amd64/libnet.so
7f17bfcf9000-7f17bfcfc000 ---p 00000000 00:00 0 
7f17bfcfc000-7f17bfdfa000 rw-p 00000000 00:00 0                          [stack:6517]
7f17bfdfa000-7f17bfdff000 r-xp 00000000 08:05 401480                     /usr/lib/x86_64-linux-gnu/libXfixes.so.3.1.0
7f17bfdff000-7f17bfffe000 ---p 00005000 08:05 401480                     /usr/lib/x86_64-linux-gnu/libXfixes.so.3.1.0
7f17bfffe000-7f17bffff000 r--p 00004000 08:05 401480                     /usr/lib/x86_64-linux-gnu/libXfixes.so.3.1.0
7f17bffff000-7f17c0000000 rw-p 00005000 08:05 401480                     /usr/lib/x86_64-linux-gnu/libXfixes.so.3.1.0
7f17c0000000-7f17c0021000 rw-p 00000000 00:00 0 
7f17c0021000-7f17c4000000 ---p 00000000 00:00 0 
7f17c4000000-7f17c4002000 r--s 00000000 08:05 6294185                    /var/cache/fontconfig/99e8ed0e538f840c565b6ed5dad60d56-le64.cache-4
7f17c4002000-7f17c4003000 r--s 00000000 08:05 6292836                    /var/cache/fontconfig/0d8c3b2ac0904cb8a57a757ad11a4a08-le64.cache-4
7f17c4003000-7f17c4004000 r--s 00000000 08:05 6292832                    /var/cache/fontconfig/a6354e3ac43af67bd8d7b8e43c34e49f-le64.cache-4
7f17c4004000-7f17c401a000 r--s 00000000 08:05 6292831                    /var/cache/fontconfig/04aabc0a78ac019cf9454389977116d2-le64.cache-4
7f17c401a000-7f17c401e000 r--s 00000000 08:05 6292820                    /var/cache/fontconfig/385c0604a188198f04d133e54aba7fe7-le64.cache-4
7f17c401e000-7f17c4027000 r-xp 00000000 08:05 401472                     /usr/lib/x86_64-linux-gnu/libXcursor.so.1.0.2
7f17c4027000-7f17c4226000 ---p 00009000 08:05 401472                     /usr/lib/x86_64-linux-gnu/libXcursor.so.1.0.2
7f17c4226000-7f17c4227000 r--p 00008000 08:05 401472                     /usr/lib/x86_64-linux-gnu/libXcursor.so.1.0.2
7f17c4227000-7f17c4228000 rw-p 00009000 08:05 401472                     /usr/lib/x86_64-linux-gnu/libXcursor.so.1.0.2
7f17c4228000-7f17c422b000 ---p 00000000 00:00 0 
7f17c422b000-7f17c4329000 rw-p 00000000 00:00 0                          [stack:6516]
7f17c4329000-7f17c433f000 r-xp 00000000 08:05 4855192                    /lib/x86_64-linux-gnu/libgcc_s.so.1
7f17c433f000-7f17c453e000 ---p 00016000 08:05 4855192                    /lib/x86_64-linux-gnu/libgcc_s.so.1
7f17c453e000-7f17c453f000 rw-p 00015000 08:05 4855192                    /lib/x86_64-linux-gnu/libgcc_s.so.1
7f17c453f000-7f17c45a5000 r-xp 00000000 08:05 4070278                    /usr/lib/jvm/java-8-oracle/jre/lib/amd64/libfontmanager.so
7f17c45a5000-7f17c47a4000 ---p 00066000 08:05 4070278                    /usr/lib/jvm/java-8-oracle/jre/lib/amd64/libfontmanager.so
7f17c47a4000-7f17c47a8000 rw-p 00065000 08:05 4070278                    /usr/lib/jvm/java-8-oracle/jre/lib/amd64/libfontmanager.so
7f17c47a8000-7f17c47b9000 rw-p 00000000 00:00 0 
7f17c47b9000-7f17c47be000 r-xp 00000000 08:05 401476                     /usr/lib/x86_64-linux-gnu/libXdmcp.so.6.0.0
7f17c47be000-7f17c49bd000 ---p 00005000 08:05 401476                     /usr/lib/x86_64-linux-gnu/libXdmcp.so.6.0.0
7f17c49bd000-7f17c49be000 r--p 00004000 08:05 401476                     /usr/lib/x86_64-linux-gnu/libXdmcp.so.6.0.0
7f17c49be000-7f17c49bf000 rw-p 00005000 08:05 401476                     /usr/lib/x86_64-linux-gnu/libXdmcp.so.6.0.0
7f17c49bf000-7f17c49c1000 r-xp 00000000 08:05 401465                     /usr/lib/x86_64-linux-gnu/libXau.so.6.0.0
7f17c49c1000-7f17c4bc1000 ---p 00002000 08:05 401465                     /usr/lib/x86_64-linux-gnu/libXau.so.6.0.0
7f17c4bc1000-7f17c4bc2000 r--p 00002000 08:05 401465                     /usr/lib/x86_64-linux-gnu/libXau.so.6.0.0
7f17c4bc2000-7f17c4bc3000 rw-p 00003000 08:05 401465                     /usr/lib/x86_64-linux-gnu/libXau.so.6.0.0
7f17c4bc3000-7f17c4be0000 r-xp 00000000 08:05 402546                     /usr/lib/x86_64-linux-gnu/libxcb.so.1.1.0
7f17c4be0000-7f17c4de0000 ---p 0001d000 08:05 402546                     /usr/lib/x86_64-linux-gnu/libxcb.so.1.1.0
7f17c4de0000-7f17c4de1000 r--p 0001d000 08:05 402546                     /usr/lib/x86_64-linux-gnu/libxcb.so.1.1.0
7f17c4de1000-7f17c4de2000 rw-p 0001e000 08:05 402546                     /usr/lib/x86_64-linux-gnu/libxcb.so.1.1.0
7f17c4de2000-7f17c4df1000 r-xp 00000000 08:05 401486                     /usr/lib/x86_64-linux-gnu/libXi.so.6.1.0
7f17c4df1000-7f17c4ff0000 ---p 0000f000 08:05 401486                     /usr/lib/x86_64-linux-gnu/libXi.so.6.1.0
7f17c4ff0000-7f17c4ff1000 r--p 0000e000 08:05 401486                     /usr/lib/x86_64-linux-gnu/libXi.so.6.1.0
7f17c4ff1000-7f17c4ff2000 rw-p 0000f000 08:05 401486                     /usr/lib/x86_64-linux-gnu/libXi.so.6.1.0
7f17c4ff2000-7f17c4ff7000 r-xp 00000000 08:05 401506                     /usr/lib/x86_64-linux-gnu/libXtst.so.6.1.0
7f17c4ff7000-7f17c51f6000 ---p 00005000 08:05 401506                     /usr/lib/x86_64-linux-gnu/libXtst.so.6.1.0
7f17c51f6000-7f17c51f7000 r--p 00004000 08:05 401506                     /usr/lib/x86_64-linux-gnu/libXtst.so.6.1.0
7f17c51f7000-7f17c51f8000 rw-p 00005000 08:05 401506                     /usr/lib/x86_64-linux-gnu/libXtst.so.6.1.0
7f17c51f8000-7f17c5201000 r-xp 00000000 08:05 395870                     /usr/lib/x86_64-linux-gnu/libXrender.so.1.3.0
7f17c5201000-7f17c5400000 ---p 00009000 08:05 395870                     /usr/lib/x86_64-linux-gnu/libXrender.so.1.3.0
7f17c5400000-7f17c5401000 r--p 00008000 08:05 395870                     /usr/lib/x86_64-linux-gnu/libXrender.so.1.3.0
7f17c5401000-7f17c5402000 rw-p 00009000 08:05 395870                     /usr/lib/x86_64-linux-gnu/libXrender.so.1.3.0
7f17c5402000-7f17c5535000 r-xp 00000000 08:05 401461                     /usr/lib/x86_64-linux-gnu/libX11.so.6.3.0
7f17c5535000-7f17c5735000 ---p 00133000 08:05 401461                     /usr/lib/x86_64-linux-gnu/libX11.so.6.3.0
7f17c5735000-7f17c5736000 r--p 00133000 08:05 401461                     /usr/lib/x86_64-linux-gnu/libX11.so.6.3.0
7f17c5736000-7f17c573a000 rw-p 00134000 08:05 401461                     /usr/lib/x86_64-linux-gnu/libX11.so.6.3.0
7f17c573a000-7f17c573b000 rw-p 00000000 00:00 0 
7f17c573b000-7f17c574c000 r-xp 00000000 08:05 397771                     /usr/lib/x86_64-linux-gnu/libXext.so.6.4.0
7f17c574c000-7f17c594b000 ---p 00011000 08:05 397771                     /usr/lib/x86_64-linux-gnu/libXext.so.6.4.0
7f17c594b000-7f17c594c000 r--p 00010000 08:05 397771                     /usr/lib/x86_64-linux-gnu/libXext.so.6.4.0
7f17c594c000-7f17c594d000 rw-p 00011000 08:05 397771                     /usr/lib/x86_64-linux-gnu/libXext.so.6.4.0
7f17c594d000-7f17c594e000 r--s 00000000 08:05 6292822                    /var/cache/fontconfig/1ac9eb803944fde146138c791f5cc56a-le64.cache-4
7f17c594e000-7f17c594f000 r--s 00000000 08:05 6292816                    /var/cache/fontconfig/dc05db6664285cc2f12bf69c139ae4c3-le64.cache-4
7f17c594f000-7f17c5954000 r--s 00000000 08:05 6292809                    /var/cache/fontconfig/8801497958630a81b71ace7c5f9b32a8-le64.cache-4
7f17c5954000-7f17c5958000 r--s 00000000 08:05 6297328                    /var/cache/fontconfig/c57959a16110560c8d0fcea73374aeeb-le64.cache-4
7f17c5958000-7f17c595f000 r--s 00000000 08:05 6292795                    /var/cache/fontconfig/3047814df9a2f067bd2d96a2b9c36e5a-le64.cache-4
7f17c595f000-7f17c5965000 r--s 00000000 08:05 6292731                    /var/cache/fontconfig/b47c4e1ecd0709278f4910c18777a504-le64.cache-4
7f17c5965000-7f17c596e000 r--s 00000000 08:05 6294175                    /var/cache/fontconfig/52f7bdb7ce746bfd7eaa1985bd9cfa93-le64.cache-4
7f17c596e000-7f17c59c2000 r-xp 00000000 08:05 4070288                    /usr/lib/jvm/java-8-oracle/jre/lib/amd64/libawt_xawt.so
7f17c59c2000-7f17c5bc2000 ---p 00054000 08:05 4070288                    /usr/lib/jvm/java-8-oracle/jre/lib/amd64/libawt_xawt.so
7f17c5bc2000-7f17c5bc6000 rw-p 00054000 08:05 4070288                    /usr/lib/jvm/java-8-oracle/jre/lib/amd64/libawt_xawt.so
7f17c5bc6000-7f17c5bc7000 rw-p 00000000 00:00 0 
7f17c5bc7000-7f17c5c69000 r-xp 00000000 08:05 4070295                    /usr/lib/jvm/java-8-oracle/jre/lib/amd64/libawt.so
7f17c5c69000-7f17c5e69000 ---p 000a2000 08:05 4070295                    /usr/lib/jvm/java-8-oracle/jre/lib/amd64/libawt.so
7f17c5e69000-7f17c5e75000 rw-p 000a2000 08:05 4070295                    /usr/lib/jvm/java-8-oracle/jre/lib/amd64/libawt.so
7f17c5e75000-7f17c5e99000 rw-p 00000000 00:00 0 
7f17c5e99000-7f17c5e9a000 ---p 00000000 00:00 0 
7f17c5e9a000-7f17c5f9a000 rw-p 00000000 00:00 0                          [stack:6515]
7f17c5f9a000-7f17c5f9d000 ---p 00000000 00:00 0 
7f17c5f9d000-7f17c609b000 rw-p 00000000 00:00 0                          [stack:6514]
7f17c609b000-7f17c609e000 ---p 00000000 00:00 0 
7f17c609e000-7f17c619c000 rw-p 00000000 00:00 0                          [stack:6513]
7f17c619c000-7f17c619f000 ---p 00000000 00:00 0 
7f17c619f000-7f17c629d000 rw-p 00000000 00:00 0                          [stack:6512]
7f17c629d000-7f17c62a0000 ---p 00000000 00:00 0 
7f17c62a0000-7f17c639e000 rw-p 00000000 00:00 0                          [stack:6511]
7f17c639e000-7f17c63a1000 ---p 00000000 00:00 0 
7f17c63a1000-7f17c649f000 rw-p 00000000 00:00 0                          [stack:6510]
7f17c649f000-7f17c6769000 r--p 00000000 08:05 399345                     /usr/lib/locale/locale-archive
7f17c6769000-7f17c676c000 ---p 00000000 00:00 0 
7f17c676c000-7f17c686a000 rw-p 00000000 00:00 0                          [stack:6509]
7f17c686a000-7f17c686d000 ---p 00000000 00:00 0 
7f17c686d000-7f17c696b000 rw-p 00000000 00:00 0                          [stack:6508]
7f17c696b000-7f17c696c000 ---p 00000000 00:00 0 
7f17c696c000-7f17c79ff000 rw-p 00000000 00:00 0                          [stack:6507]
7f17c79ff000-7f17c7bd7000 r--s 03d17000 08:05 4070099                    /usr/lib/jvm/java-8-oracle/jre/lib/rt.jar
7f17c7bd7000-7f17cc594000 rw-p 00000000 00:00 0 
7f17cc594000-7f17cc595000 ---p 00000000 00:00 0 
7f17cc595000-7f17cc695000 rw-p 00000000 00:00 0                          [stack:6506]
7f17cc695000-7f17cc696000 ---p 00000000 00:00 0 
7f17cc696000-7f17cc796000 rw-p 00000000 00:00 0                          [stack:6505]
7f17cc796000-7f17cc797000 ---p 00000000 00:00 0 
7f17cc797000-7f17cc897000 rw-p 00000000 00:00 0                          [stack:6504]
7f17cc897000-7f17cc898000 ---p 00000000 00:00 0 
7f17cc898000-7f17cc9c2000 rw-p 00000000 00:00 0                          [stack:6503]
7f17cc9c2000-7f17ccc28000 ---p 00000000 00:00 0 
7f17ccc28000-7f17ccc52000 rw-p 00000000 00:00 0 
7f17ccc52000-7f17cceb7000 ---p 00000000 00:00 0 
7f17cceb7000-7f17ccecc000 rw-p 00000000 00:00 0 
7f17ccecc000-7f17ccfff000 ---p 00000000 00:00 0 
7f17ccfff000-7f17cd000000 rw-p 00000000 00:00 0 
7f17cd000000-7f17cd650000 rwxp 00000000 00:00 0 
7f17cd650000-7f17dc000000 ---p 00000000 00:00 0 
7f17dc000000-7f17dc26d000 rw-p 00000000 00:00 0 
7f17dc26d000-7f17e0000000 ---p 00000000 00:00 0 
7f17e0000000-7f17e0002000 r--s 00000000 08:05 6292811                    /var/cache/fontconfig/767a8244fc0220cfb567a839d0392e0b-le64.cache-4
7f17e0002000-7f17e0015000 r--s 00000000 08:05 6292726                    /var/cache/fontconfig/d52a8644073d54c13679302ca1180695-le64.cache-4
7f17e0015000-7f17e001f000 r--s 00000000 08:05 6292701                    /var/cache/fontconfig/3f7329c5293ffd510edef78f73874cfd-le64.cache-4
7f17e001f000-7f17e0088000 rw-p 00000000 00:00 0 
7f17e0088000-7f17e042e000 ---p 00000000 00:00 0 
7f17e042e000-7f17e0448000 r-xp 00000000 08:05 4070269                    /usr/lib/jvm/java-8-oracle/jre/lib/amd64/libzip.so
7f17e0448000-7f17e0648000 ---p 0001a000 08:05 4070269                    /usr/lib/jvm/java-8-oracle/jre/lib/amd64/libzip.so
7f17e0648000-7f17e0649000 rw-p 0001a000 08:05 4070269                    /usr/lib/jvm/java-8-oracle/jre/lib/amd64/libzip.so
7f17e0649000-7f17e0655000 r-xp 00000000 08:05 4850654                    /lib/x86_64-linux-gnu/libnss_files-2.21.so
7f17e0655000-7f17e0854000 ---p 0000c000 08:05 4850654                    /lib/x86_64-linux-gnu/libnss_files-2.21.so
7f17e0854000-7f17e0855000 r--p 0000b000 08:05 4850654                    /lib/x86_64-linux-gnu/libnss_files-2.21.so
7f17e0855000-7f17e0856000 rw-p 0000c000 08:05 4850654                    /lib/x86_64-linux-gnu/libnss_files-2.21.so
7f17e0856000-7f17e0861000 r-xp 00000000 08:05 4849743                    /lib/x86_64-linux-gnu/libnss_nis-2.21.so
7f17e0861000-7f17e0a60000 ---p 0000b000 08:05 4849743                    /lib/x86_64-linux-gnu/libnss_nis-2.21.so
7f17e0a60000-7f17e0a61000 r--p 0000a000 08:05 4849743                    /lib/x86_64-linux-gnu/libnss_nis-2.21.so
7f17e0a61000-7f17e0a62000 rw-p 0000b000 08:05 4849743                    /lib/x86_64-linux-gnu/libnss_nis-2.21.so
7f17e0a62000-7f17e0a79000 r-xp 00000000 08:05 4850660                    /lib/x86_64-linux-gnu/libnsl-2.21.so
7f17e0a79000-7f17e0c78000 ---p 00017000 08:05 4850660                    /lib/x86_64-linux-gnu/libnsl-2.21.so
7f17e0c78000-7f17e0c79000 r--p 00016000 08:05 4850660                    /lib/x86_64-linux-gnu/libnsl-2.21.so
7f17e0c79000-7f17e0c7a000 rw-p 00017000 08:05 4850660                    /lib/x86_64-linux-gnu/libnsl-2.21.so
7f17e0c7a000-7f17e0c7c000 rw-p 00000000 00:00 0 
7f17e0c7c000-7f17e0c84000 r-xp 00000000 08:05 4850656                    /lib/x86_64-linux-gnu/libnss_compat-2.21.so
7f17e0c84000-7f17e0e83000 ---p 00008000 08:05 4850656                    /lib/x86_64-linux-gnu/libnss_compat-2.21.so
7f17e0e83000-7f17e0e84000 r--p 00007000 08:05 4850656                    /lib/x86_64-linux-gnu/libnss_compat-2.21.so
7f17e0e84000-7f17e0e85000 rw-p 00008000 08:05 4850656                    /lib/x86_64-linux-gnu/libnss_compat-2.21.so
7f17e0e85000-7f17e0eaf000 r-xp 00000000 08:05 4070247                    /usr/lib/jvm/java-8-oracle/jre/lib/amd64/libjava.so
7f17e0eaf000-7f17e10af000 ---p 0002a000 08:05 4070247                    /usr/lib/jvm/java-8-oracle/jre/lib/amd64/libjava.so
7f17e10af000-7f17e10b1000 rw-p 0002a000 08:05 4070247                    /usr/lib/jvm/java-8-oracle/jre/lib/amd64/libjava.so
7f17e10b1000-7f17e10be000 r-xp 00000000 08:05 4070263                    /usr/lib/jvm/java-8-oracle/jre/lib/amd64/libverify.so
7f17e10be000-7f17e12be000 ---p 0000d000 08:05 4070263                    /usr/lib/jvm/java-8-oracle/jre/lib/amd64/libverify.so
7f17e12be000-7f17e12c0000 rw-p 0000d000 08:05 4070263                    /usr/lib/jvm/java-8-oracle/jre/lib/amd64/libverify.so
7f17e12c0000-7f17e12c7000 r-xp 00000000 08:05 4850661                    /lib/x86_64-linux-gnu/librt-2.21.so
7f17e12c7000-7f17e14c6000 ---p 00007000 08:05 4850661                    /lib/x86_64-linux-gnu/librt-2.21.so
7f17e14c6000-7f17e14c7000 r--p 00006000 08:05 4850661                    /lib/x86_64-linux-gnu/librt-2.21.so
7f17e14c7000-7f17e14c8000 rw-p 00007000 08:05 4850661                    /lib/x86_64-linux-gnu/librt-2.21.so
7f17e14c8000-7f17e15cf000 r-xp 00000000 08:05 4850659                    /lib/x86_64-linux-gnu/libm-2.21.so
7f17e15cf000-7f17e17ce000 ---p 00107000 08:05 4850659                    /lib/x86_64-linux-gnu/libm-2.21.so
7f17e17ce000-7f17e17cf000 r--p 00106000 08:05 4850659                    /lib/x86_64-linux-gnu/libm-2.21.so
7f17e17cf000-7f17e17d0000 rw-p 00107000 08:05 4850659                    /lib/x86_64-linux-gnu/libm-2.21.so
7f17e17d0000-7f17e248e000 r-xp 00000000 08:05 4070285                    /usr/lib/jvm/java-8-oracle/jre/lib/amd64/server/libjvm.so
7f17e248e000-7f17e268d000 ---p 00cbe000 08:05 4070285                    /usr/lib/jvm/java-8-oracle/jre/lib/amd64/server/libjvm.so
7f17e268d000-7f17e2765000 rw-p 00cbd000 08:05 4070285                    /usr/lib/jvm/java-8-oracle/jre/lib/amd64/server/libjvm.so
7f17e2765000-7f17e27aa000 rw-p 00000000 00:00 0 
7f17e27aa000-7f17e296a000 r-xp 00000000 08:05 4850664                    /lib/x86_64-linux-gnu/libc-2.21.so
7f17e296a000-7f17e2b6a000 ---p 001c0000 08:05 4850664                    /lib/x86_64-linux-gnu/libc-2.21.so
7f17e2b6a000-7f17e2b6e000 r--p 001c0000 08:05 4850664                    /lib/x86_64-linux-gnu/libc-2.21.so
7f17e2b6e000-7f17e2b70000 rw-p 001c4000 08:05 4850664                    /lib/x86_64-linux-gnu/libc-2.21.so
7f17e2b70000-7f17e2b74000 rw-p 00000000 00:00 0 
7f17e2b74000-7f17e2b77000 r-xp 00000000 08:05 4850647                    /lib/x86_64-linux-gnu/libdl-2.21.so
7f17e2b77000-7f17e2d76000 ---p 00003000 08:05 4850647                    /lib/x86_64-linux-gnu/libdl-2.21.so
7f17e2d76000-7f17e2d77000 r--p 00002000 08:05 4850647                    /lib/x86_64-linux-gnu/libdl-2.21.so
7f17e2d77000-7f17e2d78000 rw-p 00003000 08:05 4850647                    /lib/x86_64-linux-gnu/libdl-2.21.so
7f17e2d78000-7f17e2d8d000 r-xp 00000000 08:05 4069308                    /usr/lib/jvm/java-8-oracle/lib/amd64/jli/libjli.so
7f17e2d8d000-7f17e2f8d000 ---p 00015000 08:05 4069308                    /usr/lib/jvm/java-8-oracle/lib/amd64/jli/libjli.so
7f17e2f8d000-7f17e2f8e000 rw-p 00015000 08:05 4069308                    /usr/lib/jvm/java-8-oracle/lib/amd64/jli/libjli.so
7f17e2f8e000-7f17e2fa6000 r-xp 00000000 08:05 4850651                    /lib/x86_64-linux-gnu/libpthread-2.21.so
7f17e2fa6000-7f17e31a6000 ---p 00018000 08:05 4850651                    /lib/x86_64-linux-gnu/libpthread-2.21.so
7f17e31a6000-7f17e31a7000 r--p 00018000 08:05 4850651                    /lib/x86_64-linux-gnu/libpthread-2.21.so
7f17e31a7000-7f17e31a8000 rw-p 00019000 08:05 4850651                    /lib/x86_64-linux-gnu/libpthread-2.21.so
7f17e31a8000-7f17e31ac000 rw-p 00000000 00:00 0 
7f17e31ac000-7f17e31d0000 r-xp 00000000 08:05 4850650                    /lib/x86_64-linux-gnu/ld-2.21.so
7f17e31d0000-7f17e31d1000 r--s 00000000 08:05 6292810                    /var/cache/fontconfig/4794a0821666d79190d59a36cb4f44b5-le64.cache-4
7f17e31d1000-7f17e31dc000 r--s 00000000 08:05 6305628                    /var/cache/fontconfig/d589a48862398ed80a3d6066f4f56f4c-le64.cache-4
7f17e31dc000-7f17e32a7000 rw-p 00000000 00:00 0 
7f17e32a7000-7f17e32aa000 ---p 00000000 00:00 0 
7f17e32aa000-7f17e33ac000 rw-p 00000000 00:00 0                          [stack:6499]
7f17e33ac000-7f17e33ad000 r--s 00000000 08:05 6292799                    /var/cache/fontconfig/bab58bb527bb656aaa9f116d68a48d89-le64.cache-4
7f17e33ad000-7f17e33ae000 r--s 00000000 08:05 6292792                    /var/cache/fontconfig/56cf4f4769d0f4abc89a4895d7bd3ae1-le64.cache-4
7f17e33ae000-7f17e33af000 r--s 00000000 08:05 6292786                    /var/cache/fontconfig/b9d506c9ac06c20b433354fa67a72993-le64.cache-4
7f17e33af000-7f17e33b0000 r--s 00000000 08:05 6292716                    /var/cache/fontconfig/551ecf3b0e8b0bca0f25c0944f561853-le64.cache-4
7f17e33b0000-7f17e33b1000 r--s 00000000 08:05 6292692                    /var/cache/fontconfig/0c9eb80ebd1c36541ebe2852d3bb0c49-le64.cache-4
7f17e33b1000-7f17e33b2000 r--s 00000000 08:05 6291764                    /var/cache/fontconfig/62f91419b9ebdb6975e7e41ab6412357-le64.cache-4
7f17e33b2000-7f17e33bf000 r--s 00000000 08:05 6292561                    /var/cache/fontconfig/e13b20fdb08344e0e664864cc2ede53d-le64.cache-4
7f17e33bf000-7f17e33c3000 r--s 00000000 08:05 6294169                    /var/cache/fontconfig/7ef2298fde41cc6eeb7af42e48b7d293-le64.cache-4
7f17e33c3000-7f17e33cb000 rw-s 00000000 08:05 3678864                    /tmp/hsperfdata_yirou/6498
7f17e33cb000-7f17e33cc000 rw-p 00000000 00:00 0 
7f17e33cc000-7f17e33cd000 r--p 00000000 00:00 0 
7f17e33cd000-7f17e33cf000 rw-p 00000000 00:00 0 
7f17e33cf000-7f17e33d0000 r--p 00023000 08:05 4850650                    /lib/x86_64-linux-gnu/ld-2.21.so
7f17e33d0000-7f17e33d1000 rw-p 00024000 08:05 4850650                    /lib/x86_64-linux-gnu/ld-2.21.so
7f17e33d1000-7f17e33d2000 rw-p 00000000 00:00 0 
7ffcb4803000-7ffcb4824000 rw-p 00000000 00:00 0                          [stack]
7ffcb487c000-7ffcb487e000 r--p 00000000 00:00 0                          [vvar]
7ffcb487e000-7ffcb4880000 r-xp 00000000 00:00 0                          [vdso]
ffffffffff600000-ffffffffff601000 r-xp 00000000 00:00 0                  [vsyscall]

VM Arguments:
java_command: com.tp.nasvirtuel.vues.UdsView
java_class_path (initial): /home/yirou/NetBeansProjects/NasVirtuel/target/classes
Launcher Type: SUN_STANDARD

Environment Variables:
JAVA_HOME=/usr/lib/jvm/java-8-oracle
PATH=/home/yirou/bin/Sencha/Cmd/4.0.5.87:/home/yirou/bin:/usr/local/sbin:/usr/local/bin:/usr/sbin:/usr/bin:/sbin:/bin:/usr/games:/usr/local/games
USERNAME=yirou
LD_LIBRARY_PATH=/usr/lib/jvm/java-8-oracle/jre/lib/amd64:/usr/lib/jvm/java-8-oracle/jre/lib/i386:
SHELL=/bin/bash
DISPLAY=:0

Signal Handlers:
SIGSEGV: [libjvm.so+0xaba070], sa_mask[0]=11111111011111111101111111111110, sa_flags=SA_RESTART|SA_SIGINFO
SIGBUS: [libjvm.so+0xaba070], sa_mask[0]=11111111011111111101111111111110, sa_flags=SA_RESTART|SA_SIGINFO
SIGFPE: [libjvm.so+0x917630], sa_mask[0]=11111111011111111101111111111110, sa_flags=SA_RESTART|SA_SIGINFO
SIGPIPE: [libjvm.so+0x917630], sa_mask[0]=11111111011111111101111111111110, sa_flags=SA_RESTART|SA_SIGINFO
SIGXFSZ: [libjvm.so+0x917630], sa_mask[0]=11111111011111111101111111111110, sa_flags=SA_RESTART|SA_SIGINFO
SIGILL: [libjvm.so+0x917630], sa_mask[0]=11111111011111111101111111111110, sa_flags=SA_RESTART|SA_SIGINFO
SIGUSR1: SIG_DFL, sa_mask[0]=00000000000000000000000000000000, sa_flags=none
SIGUSR2: [libjvm.so+0x918c60], sa_mask[0]=00100000000000000000000000000000, sa_flags=SA_RESTART|SA_SIGINFO
SIGHUP: [libjvm.so+0x91a060], sa_mask[0]=11111111011111111101111111111110, sa_flags=SA_RESTART|SA_SIGINFO
SIGINT: SIG_IGN, sa_mask[0]=00000000000000000000000000000000, sa_flags=none
SIGTERM: [libjvm.so+0x91a060], sa_mask[0]=11111111011111111101111111111110, sa_flags=SA_RESTART|SA_SIGINFO
SIGQUIT: [libjvm.so+0x91a060], sa_mask[0]=11111111011111111101111111111110, sa_flags=SA_RESTART|SA_SIGINFO


---------------  S Y S T E M  ---------------

OS:DISTRIB_ID=Ubuntu
DISTRIB_RELEASE=15.04
DISTRIB_CODENAME=vivid
DISTRIB_DESCRIPTION="Ubuntu 15.04"

uname:Linux 3.19.0-30-generic #34-Ubuntu SMP Fri Oct 2 22:08:41 UTC 2015 x86_64
libc:glibc 2.21 NPTL 2.21 
rlimit: STACK 8192k, CORE 0k, NPROC 31197, NOFILE 65536, AS infinity
load average:0,19 0,20 0,17

/proc/meminfo:
MemTotal:        8049408 kB
MemFree:         4188664 kB
MemAvailable:    7247628 kB
Buffers:          198860 kB
Cached:          2982636 kB
SwapCached:            0 kB
Active:          1321520 kB
Inactive:        2304812 kB
Active(anon):     446952 kB
Inactive(anon):    20932 kB
Active(file):     874568 kB
Inactive(file):  2283880 kB
Unevictable:          32 kB
Mlocked:              32 kB
SwapTotal:             0 kB
SwapFree:              0 kB
Dirty:                48 kB
Writeback:             8 kB
AnonPages:        401448 kB
Mapped:           182192 kB
Shmem:             23052 kB
Slab:             172024 kB
SReclaimable:     138904 kB
SUnreclaim:        33120 kB
KernelStack:        4736 kB
PageTables:         8536 kB
NFS_Unstable:          0 kB
Bounce:                0 kB
WritebackTmp:          0 kB
CommitLimit:     4024704 kB
Committed_AS:    2270156 kB
VmallocTotal:   34359738367 kB
VmallocUsed:      355640 kB
VmallocChunk:   34359347628 kB
HardwareCorrupted:     0 kB
AnonHugePages:    438272 kB
CmaTotal:              0 kB
CmaFree:               0 kB
HugePages_Total:       0
HugePages_Free:        0
HugePages_Rsvd:        0
HugePages_Surp:        0
Hugepagesize:       2048 kB
DirectMap4k:      178704 kB
DirectMap2M:     5986304 kB
DirectMap1G:     2097152 kB


CPU:total 4 (2 cores per cpu, 2 threads per core) family 6 model 69 stepping 1, cmov, cx8, fxsr, mmx, sse, sse2, sse3, ssse3, sse4.1, sse4.2, popcnt, avx, avx2, aes, clmul, erms, lzcnt, ht, tsc, tscinvbit, bmi1, bmi2

/proc/cpuinfo:
processor	: 0
vendor_id	: GenuineIntel
cpu family	: 6
model		: 69
model name	: Intel(R) Core(TM) i7-4510U CPU @ 2.00GHz
stepping	: 1
microcode	: 0x17
cpu MHz		: 1988.796
cache size	: 4096 KB
physical id	: 0
siblings	: 4
core id		: 0
cpu cores	: 2
apicid		: 0
initial apicid	: 0
fpu		: yes
fpu_exception	: yes
cpuid level	: 13
wp		: yes
flags		: fpu vme de pse tsc msr pae mce cx8 apic sep mtrr pge mca cmov pat pse36 clflush dts acpi mmx fxsr sse sse2 ss ht tm pbe syscall nx pdpe1gb rdtscp lm constant_tsc arch_perfmon pebs bts rep_good nopl xtopology nonstop_tsc aperfmperf eagerfpu pni pclmulqdq dtes64 monitor ds_cpl vmx est tm2 ssse3 fma cx16 xtpr pdcm pcid sse4_1 sse4_2 movbe popcnt tsc_deadline_timer aes xsave avx f16c rdrand lahf_lm abm ida arat epb pln pts dtherm tpr_shadow vnmi flexpriority ept vpid fsgsbase tsc_adjust bmi1 avx2 smep bmi2 erms invpcid xsaveopt
bugs		:
bogomips	: 5187.74
clflush size	: 64
cache_alignment	: 64
address sizes	: 39 bits physical, 48 bits virtual
power management:

processor	: 1
vendor_id	: GenuineIntel
cpu family	: 6
model		: 69
model name	: Intel(R) Core(TM) i7-4510U CPU @ 2.00GHz
stepping	: 1
microcode	: 0x17
cpu MHz		: 2221.375
cache size	: 4096 KB
physical id	: 0
siblings	: 4
core id		: 1
cpu cores	: 2
apicid		: 2
initial apicid	: 2
fpu		: yes
fpu_exception	: yes
cpuid level	: 13
wp		: yes
flags		: fpu vme de pse tsc msr pae mce cx8 apic sep mtrr pge mca cmov pat pse36 clflush dts acpi mmx fxsr sse sse2 ss ht tm pbe syscall nx pdpe1gb rdtscp lm constant_tsc arch_perfmon pebs bts rep_good nopl xtopology nonstop_tsc aperfmperf eagerfpu pni pclmulqdq dtes64 monitor ds_cpl vmx est tm2 ssse3 fma cx16 xtpr pdcm pcid sse4_1 sse4_2 movbe popcnt tsc_deadline_timer aes xsave avx f16c rdrand lahf_lm abm ida arat epb pln pts dtherm tpr_shadow vnmi flexpriority ept vpid fsgsbase tsc_adjust bmi1 avx2 smep bmi2 erms invpcid xsaveopt
bugs		:
bogomips	: 5187.74
clflush size	: 64
cache_alignment	: 64
address sizes	: 39 bits physical, 48 bits virtual
power management:

processor	: 2
vendor_id	: GenuineIntel
cpu family	: 6
model		: 69
model name	: Intel(R) Core(TM) i7-4510U CPU @ 2.00GHz
stepping	: 1
microcode	: 0x17
cpu MHz		: 1995.703
cache size	: 4096 KB
physical id	: 0
siblings	: 4
core id		: 0
cpu cores	: 2
apicid		: 1
initial apicid	: 1
fpu		: yes
fpu_exception	: yes
cpuid level	: 13
wp		: yes
flags		: fpu vme de pse tsc msr pae mce cx8 apic sep mtrr pge mca cmov pat pse36 clflush dts acpi mmx fxsr sse sse2 ss ht tm pbe syscall nx pdpe1gb rdtscp lm constant_tsc arch_perfmon pebs bts rep_good nopl xtopology nonstop_tsc aperfmperf eagerfpu pni pclmulqdq dtes64 monitor ds_cpl vmx est tm2 ssse3 fma cx16 xtpr pdcm pcid sse4_1 sse4_2 movbe popcnt tsc_deadline_timer aes xsave avx f16c rdrand lahf_lm abm ida arat epb pln pts dtherm tpr_shadow vnmi flexpriority ept vpid fsgsbase tsc_adjust bmi1 avx2 smep bmi2 erms invpcid xsaveopt
bugs		:
bogomips	: 5187.74
clflush size	: 64
cache_alignment	: 64
address sizes	: 39 bits physical, 48 bits virtual
power management:

processor	: 3
vendor_id	: GenuineIntel
cpu family	: 6
model		: 69
model name	: Intel(R) Core(TM) i7-4510U CPU @ 2.00GHz
stepping	: 1
microcode	: 0x17
cpu MHz		: 2023.632
cache size	: 4096 KB
physical id	: 0
siblings	: 4
core id		: 1
cpu cores	: 2
apicid		: 3
initial apicid	: 3
fpu		: yes
fpu_exception	: yes
cpuid level	: 13
wp		: yes
flags		: fpu vme de pse tsc msr pae mce cx8 apic sep mtrr pge mca cmov pat pse36 clflush dts acpi mmx fxsr sse sse2 ss ht tm pbe syscall nx pdpe1gb rdtscp lm constant_tsc arch_perfmon pebs bts rep_good nopl xtopology nonstop_tsc aperfmperf eagerfpu pni pclmulqdq dtes64 monitor ds_cpl vmx est tm2 ssse3 fma cx16 xtpr pdcm pcid sse4_1 sse4_2 movbe popcnt tsc_deadline_timer aes xsave avx f16c rdrand lahf_lm abm ida arat epb pln pts dtherm tpr_shadow vnmi flexpriority ept vpid fsgsbase tsc_adjust bmi1 avx2 smep bmi2 erms invpcid xsaveopt
bugs		:
bogomips	: 5187.74
clflush size	: 64
cache_alignment	: 64
address sizes	: 39 bits physical, 48 bits virtual
power management:



Memory: 4k page, physical 8049408k(4194596k free), swap 0k(0k free)

vm_info: Java HotSpot(TM) 64-Bit Server VM (25.60-b23) for linux-amd64 JRE (1.8.0_60-b27), built on Aug  4 2015 12:19:40 by "java_re" with gcc 4.3.0 20080428 (Red Hat 4.3.0-8)

time: Mon Oct 12 09:13:55 2015
elapsed time: 3042 seconds (0d 0h 50m 42s)

